\BOOKMARK [1][-]{section.1}{General purpose of the module}{}% 1
\BOOKMARK [1][-]{section.2}{Design placement}{}% 2
\BOOKMARK [1][-]{section.3}{Parameters}{}% 3
\BOOKMARK [1][-]{section.4}{Interface}{}% 4
\BOOKMARK [2][-]{subsection.4.1}{Execution Stage Interfaces}{section.4}% 5
\BOOKMARK [3][-]{subsubsection.4.1.1}{Input Interface}{subsection.4.1}% 6
\BOOKMARK [3][-]{subsubsection.4.1.2}{Output Interface}{subsection.4.1}% 7
\BOOKMARK [2][-]{subsection.4.2}{ALU Interfaces}{section.4}% 8
\BOOKMARK [3][-]{subsubsection.4.2.1}{Input Interface}{subsection.4.2}% 9
\BOOKMARK [3][-]{subsubsection.4.2.2}{Output Interface}{subsection.4.2}% 10
\BOOKMARK [2][-]{subsection.4.3}{Branch Unit Interfaces}{section.4}% 11
\BOOKMARK [3][-]{subsubsection.4.3.1}{Input Interface}{subsection.4.3}% 12
\BOOKMARK [3][-]{subsubsection.4.3.2}{Output Interface}{subsection.4.3}% 13
\BOOKMARK [1][-]{section.5}{Reset behavior}{}% 14
\BOOKMARK [1][-]{section.6}{What could not happen}{}% 15
\BOOKMARK [2][-]{subsection.6.1}{What could not happen in exe\137stage module}{section.6}% 16
\BOOKMARK [2][-]{subsection.6.2}{What could not happen in ALU module}{section.6}% 17
\BOOKMARK [2][-]{subsection.6.3}{What could not happen in Branch Unit module}{section.6}% 18
\BOOKMARK [1][-]{section.7}{Behavior}{}% 19
\BOOKMARK [2][-]{subsection.7.1}{Description of EXE\137STAGE module}{section.7}% 20
\BOOKMARK [2][-]{subsection.7.2}{Description of ALU module}{section.7}% 21
\BOOKMARK [3][-]{subsubsection.7.2.1}{Examples}{subsection.7.2}% 22
\BOOKMARK [2][-]{subsection.7.3}{Description of Branch Unit module}{section.7}% 23
\BOOKMARK [3][-]{subsubsection.7.3.1}{Examples}{subsection.7.3}% 24
\BOOKMARK [1][-]{section.8}{Special cases, corner cases}{}% 25
\BOOKMARK [2][-]{subsection.8.1}{EXE\137STAGE}{section.8}% 26
\BOOKMARK [2][-]{subsection.8.2}{ALU}{section.8}% 27
\BOOKMARK [2][-]{subsection.8.3}{Branch Unit}{section.8}% 28
